[2024-11-05 19:05:14] Acción: acceder - Usuario 'pepe' ha iniciado sesión correctamente.
[2024-11-05 19:05:31] Acción: acceder - Usuario 'pepe' ha iniciado sesión correctamente.
[2024-11-05 19:09:38] Acción: acceder - Usuario 'pepe' ha iniciado sesión correctamente.
[2024-11-05 19:11:16] Acción: cerrarsesión - Usuario 'pepe' ha cerrado sesión.
[2024-11-05 19:11:19] Acción: acceder - Usuario 'pepe' ha iniciado sesión correctamente.
[2024-11-05 19:11:26] Acción: acceder - Usuario 'pepe' ha iniciado sesión correctamente.
[2024-11-05 19:11:27] Acción: acceder - Usuario 'pepe' ha iniciado sesión correctamente.
[2024-11-05 19:11:30] Acción: eliminar - Publicación '1730829115.txt' eliminada por el usuario 'pepe'
[2024-11-05 19:11:30] Acción: acceder - Usuario 'pepe' ha iniciado sesión correctamente.
[2024-11-05 19:11:31] Acción: eliminar - Publicación '1730829564.txt' eliminada por el usuario 'pepe'
[2024-11-05 19:11:31] Acción: acceder - Usuario 'pepe' ha iniciado sesión correctamente.
[2024-11-05 19:11:32] Acción: eliminar - Publicación '1730829521.txt' eliminada por el usuario 'pepe'
[2024-11-05 19:11:32] Acción: acceder - Usuario 'pepe' ha iniciado sesión correctamente.
[2024-11-05 19:11:32] Acción: eliminar - Publicación '1730829483.txt' eliminada por el usuario 'pepe'
[2024-11-05 19:11:32] Acción: acceder - Usuario 'pepe' ha iniciado sesión correctamente.
[2024-11-05 19:11:32] Acción: eliminar - Publicación '1730829232.txt' eliminada por el usuario 'pepe'
[2024-11-05 19:11:32] Acción: acceder - Usuario 'pepe' ha iniciado sesión correctamente.
[2024-11-05 19:11:38] Acción: publicar - Publicación exitosa en 'usuarios\pepe\1730830298.txt' por el usuario 'pepe'
[2024-11-05 19:11:38] Acción: acceder - Usuario 'pepe' ha iniciado sesión correctamente.
[2024-11-05 19:11:46] Acción: responder - Usuario 'pepe' ha respondido en la publicación '1730830298.txt' de 'pepe'
[2024-11-05 19:11:46] Acción: acceder - Usuario 'pepe' ha iniciado sesión correctamente.
[2024-11-05 19:11:54] Acción: responder - Usuario 'pepe' ha respondido en la publicación '1730830298.txt' de 'pepe'
[2024-11-05 19:11:54] Acción: acceder - Usuario 'pepe' ha iniciado sesión correctamente.
[2024-11-05 19:12:01] Acción: responder - Usuario 'pepe' ha respondido en la publicación '1730799004.txt' de 'juan'
[2024-11-05 19:12:07] Acción: aceptar - Comentario agregado en 'usuarios\juan\1730799004.txt' por el usuario 'pepe'
[2024-11-05 19:17:02] Acción: cerrarsesión - Usuario 'pepe' ha cerrado sesión.
[2024-11-05 19:17:06] Acción: acceder - Usuario 'pepe' ha iniciado sesión correctamente.
[2024-11-05 19:17:09] Acción: responder - Usuario 'pepe' ha respondido en la publicación '1730830298.txt' de ''
[2024-11-05 19:17:09] Acción: acceder - Usuario 'pepe' ha iniciado sesión correctamente.
[2024-11-05 19:17:12] Acción: responder - Usuario 'pepe' ha respondido en la publicación '1730830298.txt' de ''
[2024-11-05 19:17:12] Acción: acceder - Usuario 'pepe' ha iniciado sesión correctamente.
[2024-11-05 19:17:13] Acción: responder - Usuario 'pepe' ha respondido en la publicación '1730830298.txt' de ''
[2024-11-05 19:17:13] Acción: acceder - Usuario 'pepe' ha iniciado sesión correctamente.
[2024-11-05 19:17:14] Acción: responder - Usuario 'pepe' ha respondido en la publicación '1730830298.txt' de ''
[2024-11-05 19:17:14] Acción: acceder - Usuario 'pepe' ha iniciado sesión correctamente.
[2024-11-05 19:17:15] Acción: responder - Usuario 'pepe' ha respondido en la publicación '1730830298.txt' de ''
[2024-11-05 19:17:15] Acción: acceder - Usuario 'pepe' ha iniciado sesión correctamente.
[2024-11-05 19:17:15] Acción: responder - Usuario 'pepe' ha respondido en la publicación '1730830298.txt' de ''
[2024-11-05 19:17:15] Acción: acceder - Usuario 'pepe' ha iniciado sesión correctamente.
[2024-11-05 19:17:15] Acción: responder - Usuario 'pepe' ha respondido en la publicación '1730830298.txt' de ''
[2024-11-05 19:17:15] Acción: acceder - Usuario 'pepe' ha iniciado sesión correctamente.
[2024-11-05 19:17:15] Acción: responder - Usuario 'pepe' ha respondido en la publicación '1730830298.txt' de ''
[2024-11-05 19:17:15] Acción: acceder - Usuario 'pepe' ha iniciado sesión correctamente.
[2024-11-05 19:17:15] Acción: responder - Usuario 'pepe' ha respondido en la publicación '1730830298.txt' de ''
[2024-11-05 19:17:15] Acción: acceder - Usuario 'pepe' ha iniciado sesión correctamente.
[2024-11-05 19:17:45] Acción: responder - Usuario 'pepe' ha respondido en la publicación '1730830298.txt' de 'pepe'
[2024-11-05 19:17:45] Acción: acceder - Usuario 'pepe' ha iniciado sesión correctamente.
[2024-11-05 19:17:47] Acción: responder - Usuario 'pepe' ha respondido en la publicación '1730830298.txt' de 'pepe'
[2024-11-05 19:17:47] Acción: acceder - Usuario 'pepe' ha iniciado sesión correctamente.
[2024-11-05 19:17:48] Acción: responder - Usuario 'pepe' ha respondido en la publicación '1730830298.txt' de 'pepe'
[2024-11-05 19:17:48] Acción: acceder - Usuario 'pepe' ha iniciado sesión correctamente.
[2024-11-05 19:17:48] Acción: responder - Usuario 'pepe' ha respondido en la publicación '1730830298.txt' de 'pepe'
[2024-11-05 19:17:48] Acción: acceder - Usuario 'pepe' ha iniciado sesión correctamente.
[2024-11-05 19:17:48] Acción: responder - Usuario 'pepe' ha respondido en la publicación '1730830298.txt' de 'pepe'
[2024-11-05 19:17:48] Acción: acceder - Usuario 'pepe' ha iniciado sesión correctamente.
[2024-11-05 19:17:48] Acción: responder - Usuario 'pepe' ha respondido en la publicación '1730830298.txt' de 'pepe'
[2024-11-05 19:17:48] Acción: acceder - Usuario 'pepe' ha iniciado sesión correctamente.
[2024-11-05 19:17:51] Acción: responder - Usuario 'pepe' ha respondido en la publicación '1730799004.txt' de 'juan'
[2024-11-05 19:17:53] Acción: cancelar - Usuario 'pepe' canceló una acción.
[2024-11-05 19:17:55] Acción: publicar - Error al publicar en 'usuarios\pepe\1730830675.txt' por el usuario 'pepe'
[2024-11-05 19:17:59] Acción: publicar - Publicación exitosa en 'usuarios\pepe\1730830679.txt' por el usuario 'pepe'
[2024-11-05 19:18:02] Acción: responder - Usuario 'pepe' ha respondido en la publicación '1730830679.txt' de 'pepe'
[2024-11-05 19:18:21] Acción: cancelar - Usuario 'pepe' canceló una acción.
[2024-11-05 19:18:22] Acción: eliminar - Publicación '1730830679.txt' eliminada por el usuario 'pepe'
[2024-11-05 19:18:23] Acción: eliminar - Publicación '1730830675.txt' eliminada por el usuario 'pepe'
[2024-11-05 19:18:24] Acción: responder - Usuario 'pepe' ha respondido en la publicación '1730830298.txt' de 'pepe'
[2024-11-05 19:19:09] Acción: responder - Usuario 'pepe' ha respondido en la publicación '1730830298.txt' de 'pepe'
[2024-11-05 19:19:27] Acción: responder - Usuario 'pepe' ha respondido en la publicación '1730830298.txt' de 'pepe'
[2024-11-05 19:19:35] Acción: responder - Usuario 'pepe' ha respondido en la publicación '1730830298.txt' de 'pepe'
[2024-11-05 19:19:52] Acción: aceptar - Error al agregar comentario en 'usuarios\<br />
<b>Warning</b>:  Undefined array key \1730830298.txt' por el usuario 'pepe'
[2024-11-05 19:20:05] Acción: aceptar - Error al agregar comentario en 'usuarios\<br />
<b>Warning</b>:  Undefined array key \1730830298.txt' por el usuario 'pepe'
[2024-11-05 19:20:05] Acción: aceptar - Error al agregar comentario en 'usuarios\<br />
<b>Warning</b>:  Undefined array key \1730830298.txt' por el usuario 'pepe'
[2024-11-05 19:20:05] Acción: aceptar - Error al agregar comentario en 'usuarios\<br />
<b>Warning</b>:  Undefined array key \1730830298.txt' por el usuario 'pepe'
[2024-11-05 19:20:06] Acción: aceptar - Error al agregar comentario en 'usuarios\<br />
<b>Warning</b>:  Undefined array key \1730830298.txt' por el usuario 'pepe'
[2024-11-05 19:20:06] Acción: aceptar - Error al agregar comentario en 'usuarios\<br />
<b>Warning</b>:  Undefined array key \1730830298.txt' por el usuario 'pepe'
[2024-11-05 19:20:06] Acción: aceptar - Error al agregar comentario en 'usuarios\<br />
<b>Warning</b>:  Undefined array key \1730830298.txt' por el usuario 'pepe'
[2024-11-05 19:20:07] Acción: cerrarsesión - Usuario 'pepe' ha cerrado sesión.
[2024-11-05 19:20:10] Acción: acceder - Usuario 'pepe' ha iniciado sesión correctamente.
[2024-11-05 19:20:14] Acción: responder - Usuario 'pepe' ha respondido en la publicación '1730799004.txt' de 'juan'
[2024-11-05 19:20:16] Acción: aceptar - Comentario agregado en 'usuarios\juan\1730799004.txt' por el usuario 'pepe'
[2024-11-05 19:21:11] Acción: responder - Usuario 'pepe' ha respondido en la publicación '1730830298.txt' de 'pepe'
[2024-11-05 19:21:14] Acción: aceptar - Comentario agregado en 'usuarios\pepe\1730830298.txt' por el usuario 'pepe'
[2024-11-05 19:21:19] Acción: cerrarsesión - Usuario 'pepe' ha cerrado sesión.
[2024-11-05 19:22:57] Acción: registrarme - Usuario 'andres' registrado con éxito.
[2024-11-05 19:23:01] Acción: acceder - Usuario 'andres' ha iniciado sesión correctamente.
[2024-11-05 19:23:11] Acción: responder - Usuario 'andres' ha respondido en la publicación '1730830298.txt' de 'pepe'
[2024-11-05 19:23:15] Acción: aceptar - Comentario agregado en 'usuarios\pepe\1730830298.txt' por el usuario 'andres'
[2024-11-05 19:23:20] Acción: cerrarsesión - Usuario 'andres' ha cerrado sesión.
[2024-11-05 19:35:08] Acción: acceder - Usuario 'pepe' ha iniciado sesión correctamente.
[2024-11-05 19:35:24] Acción: publicar - Publicación exitosa en 'usuarios\pepe\1730831724.txt' por el usuario 'pepe'
[2024-11-05 19:35:24] Acción: acceder - Usuario 'pepe' ha iniciado sesión correctamente.
[2024-11-05 19:35:29] Acción: responder - Usuario 'pepe' ha respondido en la publicación '1730831724.txt' de 'pepe'
[2024-11-05 19:35:29] Acción: acceder - Usuario 'pepe' ha iniciado sesión correctamente.
[2024-11-05 19:35:37] Acción: responder - Usuario 'pepe' ha respondido en la publicación '1730799004.txt' de 'juan'
[2024-11-05 19:35:40] Acción: aceptar - Comentario agregado en 'usuarios\juan\1730799004.txt' por el usuario 'pepe'
[2024-11-05 19:46:00] Acción: cerrarsesión - Usuario 'pepe' ha cerrado sesión.
[2024-11-05 19:46:30] Acción: acceder - Usuario 'pepe' ha iniciado sesión correctamente.
[2024-11-05 19:46:39] Acción: publicar - Publicación exitosa en 'usuarios\pepe\1730832399.txt' por el usuario 'pepe'
[2024-11-05 19:46:39] Acción: acceder - Usuario 'pepe' ha iniciado sesión correctamente.
[2024-11-05 19:48:12] Acción: cerrarsesión - Usuario 'pepe' ha cerrado sesión.
[2024-11-05 19:49:35] Acción: acceder - Usuario 'pepe' ha iniciado sesión correctamente.
[2024-11-05 19:50:00] Acción: acceder - Usuario 'pepe' ha iniciado sesión correctamente.
[2024-11-05 19:51:03] Acción: acceder - Usuario 'pepe' ha iniciado sesión correctamente.
[2024-11-05 19:51:04] Acción: acceder - Usuario 'pepe' ha iniciado sesión correctamente.
[2024-11-05 19:51:04] Acción: acceder - Usuario 'pepe' ha iniciado sesión correctamente.
[2024-11-05 19:51:04] Acción: acceder - Usuario 'pepe' ha iniciado sesión correctamente.
[2024-11-05 19:51:11] Acción: cerrarsesión - Usuario 'pepe' ha cerrado sesión.
[2024-11-05 19:53:03] Acción: acceder - Usuario 'pepe' ha iniciado sesión correctamente.
[2024-11-05 19:53:17] Acción: acceder - Usuario 'pepe' ha iniciado sesión correctamente.
[2024-11-05 19:53:18] Acción: acceder - Usuario 'pepe' ha iniciado sesión correctamente.
[2024-11-05 19:53:18] Acción: acceder - Usuario 'pepe' ha iniciado sesión correctamente.
[2024-11-05 19:53:18] Acción: acceder - Usuario 'pepe' ha iniciado sesión correctamente.
[2024-11-05 19:53:18] Acción: acceder - Usuario 'pepe' ha iniciado sesión correctamente.
[2024-11-05 19:53:28] Acción: publicar - Error al publicar en 'usuarios\pepe\1730832808.txt' por el usuario 'pepe'
[2024-11-05 19:53:28] Acción: acceder - Usuario 'pepe' ha iniciado sesión correctamente.
[2024-11-05 19:53:31] Acción: publicar - Publicación exitosa en 'usuarios\pepe\1730832811.txt' por el usuario 'pepe'
[2024-11-05 19:53:31] Acción: acceder - Usuario 'pepe' ha iniciado sesión correctamente.
[2024-11-05 19:53:32] Acción: responder - Usuario 'pepe' ha respondido en la publicación '1730832811.txt' de 'pepe'
[2024-11-05 19:53:32] Acción: acceder - Usuario 'pepe' ha iniciado sesión correctamente.
[2024-11-05 19:53:40] Acción: responder - Usuario 'pepe' ha respondido en la publicación '1730799004.txt' de 'juan'
[2024-11-05 19:53:47] Acción: aceptar - Comentario agregado en 'usuarios\juan\1730799004.txt' por el usuario 'pepe'
[2024-11-05 20:07:58] Acción: eliminar - Publicación '1730831724.txt' eliminada por el usuario 'pepe'
[2024-11-05 20:08:03] Acción: eliminar - Publicación '1730832811.txt' eliminada por el usuario 'pepe'
[2024-11-05 20:08:04] Acción: cerrarsesión - Usuario 'pepe' ha cerrado sesión.
[2024-11-05 20:21:14] Acción: acceder - Usuario 'andres' ha iniciado sesión correctamente.
[2024-11-05 20:21:54] Acción: responder - Usuario 'andres' ha respondido en la publicación '1730832399.txt' de 'pepe'
[2024-11-05 20:21:59] Acción: aceptar - Comentario agregado en 'usuarios\pepe\1730832399.txt' por el usuario 'andres'
[2024-11-05 20:27:40] Acción: cerrarsesión - Usuario 'andres' ha cerrado sesión.
[2024-11-05 20:28:46] Acción: acceder - Usuario 'andres' ha iniciado sesión correctamente.
[2024-11-05 20:29:01] Acción: publicar - Publicación exitosa en 'usuarios\andres\1730834941.txt' por el usuario 'andres'
[2024-11-05 20:29:03] Acción: eliminar - Publicación '1730834941.txt' eliminada por el usuario 'andres'
[2024-11-05 20:29:05] Acción: cerrarsesión - Usuario 'andres' ha cerrado sesión.
[2024-11-05 20:31:49] Acción: acceder - Usuario 'pepe' ha iniciado sesión correctamente.
[2024-11-05 20:31:54] Acción: responder - Usuario 'pepe' ha respondido en la publicación '1730799004.txt' de 'juan'
[2024-11-05 20:31:59] Acción: responder - Usuario 'pepe' ha respondido en la publicación '1730799004.txt' de 'juan'
[2024-11-05 20:32:02] Acción: aceptar - Comentario agregado en 'usuarios\juan\1730799004.txt' por el usuario 'pepe'
[2024-11-05 20:32:56] Acción: responder - Usuario 'pepe' ha respondido en la publicación '1730799004.txt' de 'juan'
[2024-11-05 20:32:59] Acción: cancelar - Usuario 'pepe' canceló una acción.
[2024-11-05 20:33:08] Acción: cerrarsesión - Usuario 'pepe' ha cerrado sesión.
[2024-11-09 05:12:19] Acción: acceder - Usuario 'pepe' ha iniciado sesión correctamente.
[2024-11-09 05:12:27] Acción: cerrarsesión - Usuario 'pepe' ha cerrado sesión.
[2024-11-09 05:12:34] Acción: acceder - Intento de acceso fallido para el usuario 'miriam'
[2024-11-09 05:12:41] Acción: registrarme - Usuario 'miriam' registrado con éxito.
[2024-11-09 05:12:48] Acción: acceder - Usuario 'miriam' ha iniciado sesión correctamente.
[2024-11-09 05:13:03] Acción: publicar - Publicación exitosa en 'usuarios\miriam\1731125583.txt' por el usuario 'miriam'
[2024-11-09 05:13:03] Acción: acceder - Usuario 'miriam' ha iniciado sesión correctamente.
[2024-11-09 05:13:21] Acción: responder - Usuario 'miriam' ha respondido en la publicación '1730830298.txt' de 'pepe'
[2024-11-09 05:13:25] Acción: aceptar - Comentario agregado en 'usuarios\pepe\1730830298.txt' por el usuario 'miriam'
[2024-11-09 05:13:35] Acción: cerrarsesión - Usuario 'miriam' ha cerrado sesión.
